Mplus VERSION 7 (Mac)
MUTHEN & MUTHEN
05/12/2014   1:22 AM

INPUT INSTRUCTIONS

  title:  LCM ;

  data: file =  '../../data/work/LCM.dat' ;

  variable: names =  Y1 Y2 Y3 Y4 Y5 Y6 Y7 Y8
  Y9 Y10 Y11 Y12 Y13 Y14 ;
   	usevariables = Y1 Y2 Y3 Y4 Y5 Y6 Y7 Y8 Y9 Y10 Y11 Y12 Y13 Y14 ;
    	missing = .;

  analysis:  estimator = ML;
  model:
    int by Y1@1;
   int by Y2@1;

  int by Y3@1;
   int by Y4@1;
   int by Y5@1;
   int by Y6@1;
   int by Y7@1;
   int by Y8@1;

  int by Y9@1;
   int by Y10@1;
   int by Y11@1;
   int by Y12@1;
   int by Y13@1;
   int by Y14@1;

  slp by Y1@0;
   slp by Y2@1;
   slp by Y3@2;
   slp by Y4@3;
   slp by Y5@4;
   slp by Y6@5;

  slp by Y7@6;
   slp by Y8@7;
   slp by Y9@8;
   slp by Y10@9;
   slp by Y11@10;
   slp by Y12@11;

  slp by Y13@12;
   slp by Y14@13;
   int with slp;
  int slp;
  [int slp];
   [Y1@0];
   [Y2@0];

  [Y3@0];
   [Y4@0];
   [Y5@0];
   [Y6@0];
   [Y7@0];
   [Y8@0];
   [Y9@0];
   [Y10@0];
   [Y11@0];

  [Y12@0];
   [Y13@0];
   [Y14@0];
   Y1;
   Y2;
   Y3;
   Y4;
   Y5;
   Y6;
   Y7;
   Y8;
   Y9;
   Y10;
   Y11;

  Y12;
   Y13;
   Y14;

  output:tech1;


  savedata:
  results= 'data/work/mplus/item_parameters/results.LCM.dat';
  file= 'data/work/mplus/factor_scores/fscores.LCM.dat';
  save = fscores;
  estimates= 'data/work/mplus/estimates/estimates.LCM.dat';




*** WARNING in SAVEDATA command
   (Err#: 29)
  Error opening data save file:
  data/work/mplus/factor_scores/fscores.LCM.dat
  Data will not be saved.
   1 WARNING(S) FOUND IN THE INPUT INSTRUCTIONS



LCM ;

SUMMARY OF ANALYSIS

Number of groups                                                 1
Number of observations                                         300

Number of dependent variables                                   14
Number of independent variables                                  0
Number of continuous latent variables                            2

Observed dependent variables

  Continuous
   Y1          Y2          Y3          Y4          Y5          Y6
   Y7          Y8          Y9          Y10         Y11         Y12
   Y13         Y14

Continuous latent variables
   INT         SLP


Estimator                                                       ML
Information matrix                                        OBSERVED
Maximum number of iterations                                  1000
Convergence criterion                                    0.500D-04
Maximum number of steepest descent iterations                   20
Maximum number of iterations for H1                           2000
Convergence criterion for H1                             0.100D-03

Input data file(s)
  ../../data/work/LCM.dat

Input data format  FREE


SUMMARY OF DATA

     Number of missing data patterns             1


COVARIANCE COVERAGE OF DATA

Minimum covariance coverage value   0.100


     PROPORTION OF DATA PRESENT


           Covariance Coverage
              Y1            Y2            Y3            Y4            Y5
              ________      ________      ________      ________      ________
 Y1             1.000
 Y2             1.000         1.000
 Y3             1.000         1.000         1.000
 Y4             1.000         1.000         1.000         1.000
 Y5             1.000         1.000         1.000         1.000         1.000
 Y6             1.000         1.000         1.000         1.000         1.000
 Y7             1.000         1.000         1.000         1.000         1.000
 Y8             1.000         1.000         1.000         1.000         1.000
 Y9             1.000         1.000         1.000         1.000         1.000
 Y10            1.000         1.000         1.000         1.000         1.000
 Y11            1.000         1.000         1.000         1.000         1.000
 Y12            1.000         1.000         1.000         1.000         1.000
 Y13            1.000         1.000         1.000         1.000         1.000
 Y14            1.000         1.000         1.000         1.000         1.000


           Covariance Coverage
              Y6            Y7            Y8            Y9            Y10
              ________      ________      ________      ________      ________
 Y6             1.000
 Y7             1.000         1.000
 Y8             1.000         1.000         1.000
 Y9             1.000         1.000         1.000         1.000
 Y10            1.000         1.000         1.000         1.000         1.000
 Y11            1.000         1.000         1.000         1.000         1.000
 Y12            1.000         1.000         1.000         1.000         1.000
 Y13            1.000         1.000         1.000         1.000         1.000
 Y14            1.000         1.000         1.000         1.000         1.000


           Covariance Coverage
              Y11           Y12           Y13           Y14
              ________      ________      ________      ________
 Y11            1.000
 Y12            1.000         1.000
 Y13            1.000         1.000         1.000
 Y14            1.000         1.000         1.000         1.000



THE MODEL ESTIMATION TERMINATED NORMALLY



MODEL FIT INFORMATION

Number of Free Parameters                       19

Loglikelihood

          H0 Value                       -7050.298
          H1 Value                       -6995.495

Information Criteria

          Akaike (AIC)                   14138.595
          Bayesian (BIC)                 14208.967
          Sample-Size Adjusted BIC       14148.710
            (n* = (n + 2) / 24)

Chi-Square Test of Model Fit

          Value                            109.604
          Degrees of Freedom                   100
          P-Value                           0.2403

RMSEA (Root Mean Square Error Of Approximation)

          Estimate                           0.018
          90 Percent C.I.                    0.000  0.036
          Probability RMSEA <= .05           1.000

CFI/TLI

          CFI                                0.998
          TLI                                0.998

Chi-Square Test of Model Fit for the Baseline Model

          Value                           5809.109
          Degrees of Freedom                    91
          P-Value                           0.0000

SRMR (Standardized Root Mean Square Residual)

          Value                              0.021



MODEL RESULTS

                                                    Two-Tailed
                    Estimate       S.E.  Est./S.E.    P-Value

 INT      BY
    Y1                 1.000      0.000    999.000    999.000
    Y2                 1.000      0.000    999.000    999.000
    Y3                 1.000      0.000    999.000    999.000
    Y4                 1.000      0.000    999.000    999.000
    Y5                 1.000      0.000    999.000    999.000
    Y6                 1.000      0.000    999.000    999.000
    Y7                 1.000      0.000    999.000    999.000
    Y8                 1.000      0.000    999.000    999.000
    Y9                 1.000      0.000    999.000    999.000
    Y10                1.000      0.000    999.000    999.000
    Y11                1.000      0.000    999.000    999.000
    Y12                1.000      0.000    999.000    999.000
    Y13                1.000      0.000    999.000    999.000
    Y14                1.000      0.000    999.000    999.000

 SLP      BY
    Y1                 0.000      0.000    999.000    999.000
    Y2                 1.000      0.000    999.000    999.000
    Y3                 2.000      0.000    999.000    999.000
    Y4                 3.000      0.000    999.000    999.000
    Y5                 4.000      0.000    999.000    999.000
    Y6                 5.000      0.000    999.000    999.000
    Y7                 6.000      0.000    999.000    999.000
    Y8                 7.000      0.000    999.000    999.000
    Y9                 8.000      0.000    999.000    999.000
    Y10                9.000      0.000    999.000    999.000
    Y11               10.000      0.000    999.000    999.000
    Y12               11.000      0.000    999.000    999.000
    Y13               12.000      0.000    999.000    999.000
    Y14               13.000      0.000    999.000    999.000

 INT      WITH
    SLP                0.131      0.017      7.942      0.000

 Means
    INT                0.983      0.050     19.820      0.000
    SLP                0.023      0.018      1.284      0.199

 Intercepts
    Y1                 0.000      0.000    999.000    999.000
    Y2                 0.000      0.000    999.000    999.000
    Y3                 0.000      0.000    999.000    999.000
    Y4                 0.000      0.000    999.000    999.000
    Y5                 0.000      0.000    999.000    999.000
    Y6                 0.000      0.000    999.000    999.000
    Y7                 0.000      0.000    999.000    999.000
    Y8                 0.000      0.000    999.000    999.000
    Y9                 0.000      0.000    999.000    999.000
    Y10                0.000      0.000    999.000    999.000
    Y11                0.000      0.000    999.000    999.000
    Y12                0.000      0.000    999.000    999.000
    Y13                0.000      0.000    999.000    999.000
    Y14                0.000      0.000    999.000    999.000

 Variances
    INT                0.429      0.061      6.984      0.000
    SLP                0.092      0.008     11.569      0.000

 Residual Variances
    Y1                 1.183      0.109     10.877      0.000
    Y2                 1.278      0.113     11.287      0.000
    Y3                 1.284      0.112     11.446      0.000
    Y4                 1.149      0.101     11.401      0.000
    Y5                 1.095      0.095     11.530      0.000
    Y6                 1.094      0.095     11.532      0.000
    Y7                 1.247      0.108     11.567      0.000
    Y8                 1.004      0.089     11.275      0.000
    Y9                 1.083      0.097     11.162      0.000
    Y10                1.223      0.111     11.061      0.000
    Y11                1.351      0.124     10.929      0.000
    Y12                1.226      0.117     10.492      0.000
    Y13                1.106      0.112      9.843      0.000
    Y14                1.265      0.130      9.742      0.000


QUALITY OF NUMERICAL RESULTS

     Condition Number for the Information Matrix              0.253E-02
       (ratio of smallest to largest eigenvalue)


TECHNICAL 1 OUTPUT


     PARAMETER SPECIFICATION


           NU
              Y1            Y2            Y3            Y4            Y5
              ________      ________      ________      ________      ________
      1           0             0             0             0             0


           NU
              Y6            Y7            Y8            Y9            Y10
              ________      ________      ________      ________      ________
      1           0             0             0             0             0


           NU
              Y11           Y12           Y13           Y14
              ________      ________      ________      ________
      1           0             0             0             0


           LAMBDA
              INT           SLP
              ________      ________
 Y1                 0             0
 Y2                 0             0
 Y3                 0             0
 Y4                 0             0
 Y5                 0             0
 Y6                 0             0
 Y7                 0             0
 Y8                 0             0
 Y9                 0             0
 Y10                0             0
 Y11                0             0
 Y12                0             0
 Y13                0             0
 Y14                0             0


           THETA
              Y1            Y2            Y3            Y4            Y5
              ________      ________      ________      ________      ________
 Y1                 1
 Y2                 0             2
 Y3                 0             0             3
 Y4                 0             0             0             4
 Y5                 0             0             0             0             5
 Y6                 0             0             0             0             0
 Y7                 0             0             0             0             0
 Y8                 0             0             0             0             0
 Y9                 0             0             0             0             0
 Y10                0             0             0             0             0
 Y11                0             0             0             0             0
 Y12                0             0             0             0             0
 Y13                0             0             0             0             0
 Y14                0             0             0             0             0


           THETA
              Y6            Y7            Y8            Y9            Y10
              ________      ________      ________      ________      ________
 Y6                 6
 Y7                 0             7
 Y8                 0             0             8
 Y9                 0             0             0             9
 Y10                0             0             0             0            10
 Y11                0             0             0             0             0
 Y12                0             0             0             0             0
 Y13                0             0             0             0             0
 Y14                0             0             0             0             0


           THETA
              Y11           Y12           Y13           Y14
              ________      ________      ________      ________
 Y11               11
 Y12                0            12
 Y13                0             0            13
 Y14                0             0             0            14


           ALPHA
              INT           SLP
              ________      ________
      1          15            16


           BETA
              INT           SLP
              ________      ________
 INT                0             0
 SLP                0             0


           PSI
              INT           SLP
              ________      ________
 INT               17
 SLP               18            19


     STARTING VALUES


           NU
              Y1            Y2            Y3            Y4            Y5
              ________      ________      ________      ________      ________
      1         0.000         0.000         0.000         0.000         0.000


           NU
              Y6            Y7            Y8            Y9            Y10
              ________      ________      ________      ________      ________
      1         0.000         0.000         0.000         0.000         0.000


           NU
              Y11           Y12           Y13           Y14
              ________      ________      ________      ________
      1         0.000         0.000         0.000         0.000


           LAMBDA
              INT           SLP
              ________      ________
 Y1             1.000         0.000
 Y2             1.000         1.000
 Y3             1.000         2.000
 Y4             1.000         3.000
 Y5             1.000         4.000
 Y6             1.000         5.000
 Y7             1.000         6.000
 Y8             1.000         7.000
 Y9             1.000         8.000
 Y10            1.000         9.000
 Y11            1.000        10.000
 Y12            1.000        11.000
 Y13            1.000        12.000
 Y14            1.000        13.000


           THETA
              Y1            Y2            Y3            Y4            Y5
              ________      ________      ________      ________      ________
 Y1             0.816
 Y2             0.000         1.027
 Y3             0.000         0.000         1.232
 Y4             0.000         0.000         0.000         1.691
 Y5             0.000         0.000         0.000         0.000         1.947
 Y6             0.000         0.000         0.000         0.000         0.000
 Y7             0.000         0.000         0.000         0.000         0.000
 Y8             0.000         0.000         0.000         0.000         0.000
 Y9             0.000         0.000         0.000         0.000         0.000
 Y10            0.000         0.000         0.000         0.000         0.000
 Y11            0.000         0.000         0.000         0.000         0.000
 Y12            0.000         0.000         0.000         0.000         0.000
 Y13            0.000         0.000         0.000         0.000         0.000
 Y14            0.000         0.000         0.000         0.000         0.000


           THETA
              Y6            Y7            Y8            Y9            Y10
              ________      ________      ________      ________      ________
 Y6             2.639
 Y7             0.000         3.359
 Y8             0.000         0.000         3.832
 Y9             0.000         0.000         0.000         4.518
 Y10            0.000         0.000         0.000         0.000         6.380
 Y11            0.000         0.000         0.000         0.000         0.000
 Y12            0.000         0.000         0.000         0.000         0.000
 Y13            0.000         0.000         0.000         0.000         0.000
 Y14            0.000         0.000         0.000         0.000         0.000


           THETA
              Y11           Y12           Y13           Y14
              ________      ________      ________      ________
 Y11            6.903
 Y12            0.000         7.684
 Y13            0.000         0.000         9.414
 Y14            0.000         0.000         0.000         9.870


           ALPHA
              INT           SLP
              ________      ________
      1         0.000         0.000


           BETA
              INT           SLP
              ________      ________
 INT            0.000         0.000
 SLP            0.000         0.000


           PSI
              INT           SLP
              ________      ________
 INT            0.050
 SLP            0.000         0.050


SAMPLE STATISTICS FOR ESTIMATED FACTOR SCORES


     SAMPLE STATISTICS


           Means
              INT           INT_SE        SLP           SLP_SE
              ________      ________      ________      ________
 1              0.983         0.337         0.023         0.051


           Covariances
              INT           INT_SE        SLP           SLP_SE
              ________      ________      ________      ________
 INT            0.316
 INT_SE         0.000         0.000
 SLP            0.143         0.000         0.090
 SLP_SE         0.000         0.000         0.000         0.000


           Correlations
              INT           INT_SE        SLP           SLP_SE
              ________      ________      ________      ________
 INT            1.000
 INT_SE       999.000         1.000
 SLP            0.847       999.000         1.000
 SLP_SE       999.000       999.000       999.000         1.000


RESULTS SAVING INFORMATION

    There was an error opening the RESULTS file for writing.  No results were
    saved.  The path may not exist for the following file:
    data/work/mplus/item_parameters/results.LCM.dat

SAVEDATA INFORMATION


  Estimates

    There was an error opening the ESTIMATES file for writing.  Estimates will
    not be saved to an external file.  The path may not exist for the following:
    data/work/mplus/estimates/estimates.LCM.dat

     Beginning Time:  01:22:19
        Ending Time:  01:22:21
       Elapsed Time:  00:00:02



MUTHEN & MUTHEN
3463 Stoner Ave.
Los Angeles, CA  90066

Tel: (310) 391-9971
Fax: (310) 391-8971
Web: www.StatModel.com
Support: Support@StatModel.com

Copyright (c) 1998-2012 Muthen & Muthen
