Mplus VERSION 7 (Mac)
MUTHEN & MUTHEN
05/23/2014   8:08 PM

INPUT INSTRUCTIONS

  title:  MA ;

  data: file =  'data/work/prepped/MA.dat' ;

  variable: names = id y1 y2 y3 y4 y5 y6 y7
  y8 y9 y10 y11 y12 y13 y14 ;
   	usevariables = y1 y2 y3 y4 y5 y6 y7 y8 y9 y10 y11 y12 y13
  y14 ;
    	missing = .;

  analysis:  estimator = ML;

  model:

  !initial status
   inity by y1@0;
   inity*;
   [inity*];
   y1 on inity@1; ksi1 by y1@1;

  ksi2 by y2@1;
   ksi3 by y3@1;
   ksi4 by y4@1;
   ksi5 by y5@1;
   ksi6 by y6@1;
   ksi7 by y7@1;

  ksi8 by y8@1;
   ksi9 by y9@1;
   ksi10 by y10@1;
   ksi11 by y11@1;
   ksi12 by y12@1;

  ksi13 by y13@1;
   ksi14 by y14@1;
   y2 on ksi1 (1);
   y3 on ksi2 (1);
   y4 on ksi3 (1);

  y5 on ksi4 (1);
   y6 on ksi5 (1);
   y7 on ksi6 (1);
   y8 on ksi7 (1);
   y9 on ksi8 (1);

  y10 on ksi9 (1);
   y11 on ksi10 (1);
   y12 on ksi11 (1);
   y13 on ksi12 (1);

  y14 on ksi13 (1);
   ksi1-ksi14 (2);
   y1-y14@0;
   [y1-y14@0];
   ksi1 with ksi2@0;

  ksi1 with ksi3@0;
   ksi1 with ksi4@0;
   ksi1 with ksi5@0;
   ksi1 with ksi6@0;

  ksi1 with ksi7@0;
   ksi1 with ksi8@0;
   ksi1 with ksi9@0;
   ksi1 with ksi10@0;

  ksi1 with ksi11@0;
   ksi1 with ksi12@0;
   ksi1 with ksi13@0;
   ksi1 with ksi14@0;

  ksi2 with ksi3@0;
   ksi2 with ksi4@0;
   ksi2 with ksi5@0;
   ksi2 with ksi6@0;

  ksi2 with ksi7@0;
   ksi2 with ksi8@0;
   ksi2 with ksi9@0;
   ksi2 with ksi10@0;

  ksi2 with ksi11@0;
   ksi2 with ksi12@0;
   ksi2 with ksi13@0;
   ksi2 with ksi14@0;

  ksi3 with ksi4@0;
   ksi3 with ksi5@0;
   ksi3 with ksi6@0;
   ksi3 with ksi7@0;

  ksi3 with ksi8@0;
   ksi3 with ksi9@0;
   ksi3 with ksi10@0;
   ksi3 with ksi11@0;

  ksi3 with ksi12@0;
   ksi3 with ksi13@0;
   ksi3 with ksi14@0;
   ksi4 with ksi5@0;

  ksi4 with ksi6@0;
   ksi4 with ksi7@0;
   ksi4 with ksi8@0;
   ksi4 with ksi9@0;

  ksi4 with ksi10@0;
   ksi4 with ksi11@0;
   ksi4 with ksi12@0;
   ksi4 with ksi13@0;

  ksi4 with ksi14@0;
   ksi5 with ksi6@0;
   ksi5 with ksi7@0;
   ksi5 with ksi8@0;

  ksi5 with ksi9@0;
   ksi5 with ksi10@0;
   ksi5 with ksi11@0;
   ksi5 with ksi12@0;

  ksi5 with ksi13@0;
   ksi5 with ksi14@0;
   ksi6 with ksi7@0;
   ksi6 with ksi8@0;

  ksi6 with ksi9@0;
   ksi6 with ksi10@0;
   ksi6 with ksi11@0;
   ksi6 with ksi12@0;

  ksi6 with ksi13@0;
   ksi6 with ksi14@0;
   ksi7 with ksi8@0;
   ksi7 with ksi9@0;

  ksi7 with ksi10@0;
   ksi7 with ksi11@0;
   ksi7 with ksi12@0;
   ksi7 with ksi13@0;

  ksi7 with ksi14@0;
   ksi8 with ksi9@0;
   ksi8 with ksi10@0;
   ksi8 with ksi11@0;

  ksi8 with ksi12@0;
   ksi8 with ksi13@0;
   ksi8 with ksi14@0;
   ksi9 with ksi10@0;

  ksi9 with ksi11@0;
   ksi9 with ksi12@0;
   ksi9 with ksi13@0;
   ksi9 with ksi14@0;

  ksi10 with ksi11@0;
   ksi10 with ksi12@0;
   ksi10 with ksi13@0;
   ksi10 with ksi14@0;

  ksi11 with ksi12@0;
   ksi11 with ksi13@0;
   ksi11 with ksi14@0;
   ksi12 with ksi13@0;

  ksi12 with ksi14@0;
   ksi13 with ksi14@0;
   inity with ksi1@0;
   inity with ksi2@0;

  inity with ksi3@0;
   inity with ksi4@0;
   inity with ksi5@0;
   inity with ksi6@0;

  inity with ksi7@0;
   inity with ksi8@0;
   inity with ksi9@0;
   inity with ksi10@0;

  inity with ksi11@0;
   inity with ksi12@0;
   inity with ksi13@0;
   inity with ksi14@0;


  output:tech1;


  savedata:
  results= 'data/work/mplus/item_parameters/results.MA.dat';
  file= 'data/work/mplus/factor_scores/fscores.MA.dat';
  save = fscores;
  estimates= 'data/work/mplus/estimates/estimates.MA.dat';


*** WARNING in SAVEDATA command
   (Err#: 29)
  Error opening data save file:
  data/work/mplus/factor_scores/fscores.MA.dat
  Data will not be saved.
*** ERROR in DATA command
  The file specified for the FILE option cannot be found.  Check that this
  file exists:  data/work/prepped/MA.dat


MUTHEN & MUTHEN
3463 Stoner Ave.
Los Angeles, CA  90066

Tel: (310) 391-9971
Fax: (310) 391-8971
Web: www.StatModel.com
Support: Support@StatModel.com

Copyright (c) 1998-2012 Muthen & Muthen
