Mplus VERSION 7 (Mac)
MUTHEN & MUTHEN
07/08/2014   9:30 PM

INPUT INSTRUCTIONS

  title:  LCM ;

  data: fi     Beginning Time:  21:30:12
        Ending Time:  21:30:12
       Elapsed Time:  00:00:00

     Output saved in 'LCM.out'.
ariables = y1 y2 y3 y4 y5 y6 y7 y8 y9 y10 y11 y12
  y13 y14 ;
    	missing = .;

  analysis:  estimator = ML;

  model:

  int by y1@1 y2@1 y3@1 y4@1 y5@1 y6@1 y7@1 y8@1 y9@1 y10@1 y11@1 y12@1 y13@1 y14@1;

  slp by y1@0 y2@1 y3@2 y4@3 y5@4 y6@5 y7@6 y8@7 y9@8 y10@9 y11@10 y12@11 y13@12 y14@13;

  int with slp;
  int slp;
  [int slp];

  [y1@0 y2@0 y3@0 y4@0 y5@0 y6@0 y7@0 y8@0 y9@0 y10@0 y11@0 y12@0 y13@0 y14@0];

  y1 y2 y3 y4 y5 y6 y7 y8 y9 y10 y11 y12 y13 y14;

  output:tech1;


  savedata:
  results= './item_parameters/results.LCM.dat';
  file= './factor_scores/fscores.LCM.dat';
  save = fscores;
  estimates= './estimates/estimates.LCM.dat';




INPUT READING TERMINATED NORMALLY



LCM ;

SUMMARY OF ANALYSIS

Number of groups                                                 1
Number of observations                                         500

Number of dependent variables                                   14
Number of independent variables                                  0
Number of continuous latent variables                            2

Observed dependent variables

  Continuous
   Y1          Y2          Y3          Y4          Y5          Y6
   Y7          Y8          Y9          Y10         Y11         Y12
   Y13         Y14

Continuous latent variables
   INT         SLP


Estimator                                                       ML
Information matrix                                        OBSERVED
Maximum number of iterations                                  1000
Convergence criterion                                    0.500D-04
Maximum number of steepest descent iterations                   20
Maximum number of iterations for H1                           2000
Convergence criterion for H1                             0.100D-03

Input data file(s)
  ../../../data/work/prepped/LCM.dat

Input data format  FREE


SUMMARY OF DATA

     Number of missing data patterns             1


COVARIANCE COVERAGE OF DATA

Minimum covariance coverage value   0.100


     PROPORTION OF DATA PRESENT


           Covariance Coverage
              Y1            Y2            Y3            Y4            Y5
              ________      ________      ________      ________      ________
 Y1             1.000
 Y2             1.000         1.000
 Y3             1.000         1.000         1.000
 Y4             1.000         1.000         1.000         1.000
 Y5             1.000         1.000         1.000         1.000         1.000
 Y6             1.000         1.000         1.000         1.000         1.000
 Y7             1.000         1.000         1.000         1.000         1.000
 Y8             1.000         1.000         1.000         1.000         1.000
 Y9             1.000         1.000         1.000         1.000         1.000
 Y10            1.000         1.000         1.000         1.000         1.000
 Y11            1.000         1.000         1.000         1.000         1.000
 Y12            1.000         1.000         1.000         1.000         1.000
 Y13            1.000         1.000         1.000         1.000         1.000
 Y14            1.000         1.000         1.000         1.000         1.000


           Covariance Coverage
              Y6            Y7            Y8            Y9            Y10
              ________      ________      ________      ________      ________
 Y6             1.000
 Y7             1.000         1.000
 Y8             1.000         1.000         1.000
 Y9             1.000         1.000         1.000         1.000
 Y10            1.000         1.000         1.000         1.000         1.000
 Y11            1.000         1.000         1.000         1.000         1.000
 Y12            1.000         1.000         1.000         1.000         1.000
 Y13            1.000         1.000         1.000         1.000         1.000
 Y14            1.000         1.000         1.000         1.000         1.000


           Covariance Coverage
              Y11           Y12           Y13           Y14
              ________      ________      ________      ________
 Y11            1.000
 Y12            1.000         1.000
 Y13            1.000         1.000         1.000
 Y14            1.000         1.000         1.000         1.000



THE MODEL ESTIMATION TERMINATED NORMALLY



MODEL FIT INFORMATION

Number of Free Parameters                       19

Loglikelihood

          H0 Value                      -11788.556
          H1 Value                      -11724.316

Information Criteria

          Akaike (AIC)                   23615.112
          Bayesian (BIC)                 23695.190
          Sample-Size Adjusted BIC       23634.883
            (n* = (n + 2) / 24)

Chi-Square Test of Model Fit

          Value                            128.481
          Degrees of Freedom                   100
          P-Value                           0.0290

RMSEA (Root Mean Square Error Of Approximation)

          Estimate                           0.024
          90 Percent C.I.                    0.008  0.035
          Probability RMSEA <= .05           1.000

CFI/TLI

          CFI                                0.997
          TLI                                0.997

Chi-Square Test of Model Fit for the Baseline Model

          Value                           8682.402
          Degrees of Freedom                    91
          P-Value                           0.0000

SRMR (Standardized Root Mean Square Residual)

          Value                              0.021



MODEL RESULTS

                                                    Two-Tailed
                    Estimate       S.E.  Est./S.E.    P-Value

 INT      BY
    Y1                 1.000      0.000    999.000    999.000
    Y2                 1.000      0.000    999.000    999.000
    Y3                 1.000      0.000    999.000    999.000
    Y4                 1.000      0.000    999.000    999.000
    Y5                 1.000      0.000    999.000    999.000
    Y6                 1.000      0.000    999.000    999.000
    Y7                 1.000      0.000    999.000    999.000
    Y8                 1.000      0.000    999.000    999.000
    Y9                 1.000      0.000    999.000    999.000
    Y10                1.000      0.000    999.000    999.000
    Y11                1.000      0.000    999.000    999.000
    Y12                1.000      0.000    999.000    999.000
    Y13                1.000      0.000    999.000    999.000
    Y14                1.000      0.000    999.000    999.000

 SLP      BY
    Y1                 0.000      0.000    999.000    999.000
    Y2                 1.000      0.000    999.000    999.000
    Y3                 2.000      0.000    999.000    999.000
    Y4                 3.000      0.000    999.000    999.000
    Y5                 4.000      0.000    999.000    999.000
    Y6                 5.000      0.000    999.000    999.000
    Y7                 6.000      0.000    999.000    999.000
    Y8                 7.000      0.000    999.000    999.000
    Y9                 8.000      0.000    999.000    999.000
    Y10                9.000      0.000    999.000    999.000
    Y11               10.000      0.000    999.000    999.000
    Y12               11.000      0.000    999.000    999.000
    Y13               12.000      0.000    999.000    999.000
    Y14               13.000      0.000    999.000    999.000

 INT      WITH
    SLP                0.048      0.011      4.377      0.000

 Means
    INT                0.994      0.034     29.418      0.000
    SLP                0.011      0.015      0.761      0.447

 Intercepts
    Y1                 0.000      0.000    999.000    999.000
    Y2                 0.000      0.000    999.000    999.000
    Y3                 0.000      0.000    999.000    999.000
    Y4                 0.000      0.000    999.000    999.000
    Y5                 0.000      0.000    999.000    999.000
    Y6                 0.000      0.000    999.000    999.000
    Y7                 0.000      0.000    999.000    999.000
    Y8                 0.000      0.000    999.000    999.000
    Y9                 0.000      0.000    999.000    999.000
    Y10                0.000      0.000    999.000    999.000
    Y11                0.000      0.000    999.000    999.000
    Y12                0.000      0.000    999.000    999.000
    Y13                0.000      0.000    999.000    999.000
    Y14                0.000      0.000    999.000    999.000

 Variances
    INT                0.258      0.037      6.984      0.000
    SLP                0.100      0.007     15.011      0.000

 Residual Variances
    Y1                 1.260      0.089     14.108      0.000
    Y2                 1.186      0.083     14.338      0.000
    Y3                 1.292      0.088     14.738      0.000
    Y4                 1.195      0.081     14.841      0.000
    Y5                 1.085      0.073     14.832      0.000
    Y6                 1.213      0.081     14.947      0.000
    Y7                 1.117      0.075     14.839      0.000
    Y8                 1.195      0.081     14.767      0.000
    Y9                 1.346      0.092     14.697      0.000
    Y10                1.232      0.086     14.299      0.000
    Y11                1.171      0.085     13.849      0.000
    Y12                1.192      0.089     13.441      0.000
    Y13                1.121      0.088     12.709      0.000
    Y14                1.206      0.098     12.343      0.000


QUALITY OF NUMERICAL RESULTS

     Condition Number for the Information Matrix              0.449E-02
       (ratio of smallest to largest eigenvalue)


TECHNICAL 1 OUTPUT


     PARAMETER SPECIFICATION


           NU
              Y1            Y2            Y3            Y4            Y5
              ________      ________      ________      ________      ________
      1           0             0             0             0             0


           NU
              Y6            Y7            Y8            Y9            Y10
              ________      ________      ________      ________      ________
      1           0             0             0             0             0


           NU
              Y11           Y12           Y13           Y14
              ________      ________      ________      ________
      1           0             0             0             0


           LAMBDA
              INT           SLP
              ________      ________
 Y1                 0             0
 Y2                 0             0
 Y3                 0             0
 Y4                 0             0
 Y5                 0             0
 Y6                 0             0
 Y7                 0             0
 Y8                 0             0
 Y9                 0             0
 Y10                0             0
 Y11                0             0
 Y12                0             0
 Y13                0             0
 Y14                0             0


           THETA
              Y1            Y2            Y3            Y4            Y5
              ________      ________      ________      ________      ________
 Y1                 1
 Y2                 0             2
 Y3                 0             0             3
 Y4                 0             0             0             4
 Y5                 0             0             0             0             5
 Y6                 0             0             0             0             0
 Y7                 0             0             0             0             0
 Y8                 0             0             0             0             0
 Y9                 0             0             0             0             0
 Y10                0             0             0             0             0
 Y11                0             0             0             0             0
 Y12                0             0             0             0             0
 Y13                0             0             0             0             0
 Y14                0             0             0             0             0


           THETA
              Y6            Y7            Y8            Y9            Y10
              ________      ________      ________      ________      ________
 Y6                 6
 Y7                 0             7
 Y8                 0             0             8
 Y9                 0             0             0             9
 Y10                0             0             0             0            10
 Y11                0             0             0             0             0
 Y12                0             0             0             0             0
 Y13                0             0             0             0             0
 Y14                0             0             0             0             0


           THETA
              Y11           Y12           Y13           Y14
              ________      ________      ________      ________
 Y11               11
 Y12                0            12
 Y13                0             0            13
 Y14                0             0             0            14


           ALPHA
              INT           SLP
              ________      ________
      1          15            16


           BETA
              INT           SLP
              ________      ________
 INT                0             0
 SLP                0             0


           PSI
              INT           SLP
              ________      ________
 INT               17
 SLP               18            19


     STARTING VALUES


           NU
              Y1            Y2            Y3            Y4            Y5
              ________      ________      ________      ________      ________
      1         0.000         0.000         0.000         0.000         0.000


           NU
              Y6            Y7            Y8            Y9            Y10
              ________      ________      ________      ________      ________
      1         0.000         0.000         0.000         0.000         0.000


           NU
              Y11           Y12           Y13           Y14
              ________      ________      ________      ________
      1         0.000         0.000         0.000         0.000


           LAMBDA
              INT           SLP
              ________      ________
 Y1             1.000         0.000
 Y2             1.000         1.000
 Y3             1.000         2.000
 Y4             1.000         3.000
 Y5             1.000         4.000
 Y6             1.000         5.000
 Y7             1.000         6.000
 Y8             1.000         7.000
 Y9             1.000         8.000
 Y10            1.000         9.000
 Y11            1.000        10.000
 Y12            1.000        11.000
 Y13            1.000        12.000
 Y14            1.000        13.000


           THETA
              Y1            Y2            Y3            Y4            Y5
              ________      ________      ________      ________      ________
 Y1             0.742
 Y2             0.000         0.825
 Y3             0.000         0.000         1.061
 Y4             0.000         0.000         0.000         1.299
 Y5             0.000         0.000         0.000         0.000         1.676
 Y6             0.000         0.000         0.000         0.000         0.000
 Y7             0.000         0.000         0.000         0.000         0.000
 Y8             0.000         0.000         0.000         0.000         0.000
 Y9             0.000         0.000         0.000         0.000         0.000
 Y10            0.000         0.000         0.000         0.000         0.000
 Y11            0.000         0.000         0.000         0.000         0.000
 Y12            0.000         0.000         0.000         0.000         0.000
 Y13            0.000         0.000         0.000         0.000         0.000
 Y14            0.000         0.000         0.000         0.000         0.000


           THETA
              Y6            Y7            Y8            Y9            Y10
              ________      ________      ________      ________      ________
 Y6             2.379
 Y7             0.000         2.881
 Y8             0.000         0.000         3.374
 Y9             0.000         0.000         0.000         4.448
 Y10            0.000         0.000         0.000         0.000         5.279
 Y11            0.000         0.000         0.000         0.000         0.000
 Y12            0.000         0.000         0.000         0.000         0.000
 Y13            0.000         0.000         0.000         0.000         0.000
 Y14            0.000         0.000         0.000         0.000         0.000


           THETA
              Y11           Y12           Y13           Y14
              ________      ________      ________      ________
 Y11            6.036
 Y12            0.000         7.234
 Y13            0.000         0.000         8.830
 Y14            0.000         0.000         0.000         9.565


           ALPHA
              INT           SLP
              ________      ________
      1         0.000         0.000


           BETA
              INT           SLP
              ________      ________
 INT            0.000         0.000
 SLP            0.000         0.000


           PSI
              INT           SLP
              ________      ________
 INT            0.050
 SLP            0.000         0.050


SAMPLE STATISTICS FOR ESTIMATED FACTOR SCORES


     SAMPLE STATISTICS


           Means
              INT           INT_SE        SLP           SLP_SE
              ________      ________      ________      ________
 1              0.994         0.352         0.011         0.053


           Covariances
              INT           INT_SE        SLP           SLP_SE
              ________      ________      ________      ________
 INT            0.134
 INT_SE         0.000         0.000
 SLP            0.061         0.000         0.097
 SLP_SE         0.000         0.000         0.000         0.000


           Correlations
              INT           INT_SE        SLP           SLP_SE
              ________      ________      ________      ________
 INT            1.000
 INT_SE       999.000         1.000
 SLP            0.539       999.000         1.000
 SLP_SE       999.000       999.000       999.000         1.000


RESULTS SAVING INFORMATION

  Order of data

    Parameter estimates
     (saved in order shown in Technical 1 output)
    Standard errors
     (saved in order shown in Technical 1 output)
    Chi-square : Value
    Chi-square : Degrees of Freedom
    Chi-square : P-Value
    CFI
    TLI
    H0 Loglikelihood
    H1 Loglikelihood
    Number of Free Parameters
    Akaike (AIC)
    Bayesian (BIC)
    Sample-Size Adjusted BIC
    RMSEA : Estimate
    RMSEA : Low CI
    RMSEA : High CI
    RMSEA : Probability
    SRMR

  Save file
    ./item_parameters/results.LCM.dat

  Save file format           Free


SAVEDATA INFORMATION


  Save file
    ./factor_scores/fscores.LCM.dat

  Order and format of variables

    Y1             F10.3
    Y2             F10.3
    Y3             F10.3
    Y4             F10.3
    Y5             F10.3
    Y6             F10.3
    Y7             F10.3
    Y8             F10.3
    Y9             F10.3
    Y10            F10.3
    Y11            F10.3
    Y12            F10.3
    Y13            F10.3
    Y14            F10.3
    INT            F10.3
    INT_SE         F10.3
    SLP            F10.3
    SLP_SE         F10.3

  Save file format
    18F10.3

  Save file record length    10000


  Estimates

  Save file
    ./estimates/estimates.LCM.dat
  Save format      Free

     Beginning Time:  21:30:12
        Ending Time:  21:30:12
       Elapsed Time:  00:00:00



MUTHEN & MUTHEN
3463 Stoner Ave.
Los Angeles, CA  90066

Tel: (310) 391-9971
Fax: (310) 391-8971
Web: www.StatModel.com
Support: Support@StatModel.com

Copyright (c) 1998-2012 Muthen & Muthen
