Mplus VERSION 7 (Mac)
MUTHEN & MUTHEN
05/21/2014  11:58 AM

INPUT INSTRUCTIONS

  title: MA ;

  data: file = " data/work/MA.dat ";

  variable:  names = id y1-y14;
  missing=.;
  usevariables = y1-y14 ;

  model:

  y2 on y1*;
  y3 on y2*;
  y4 on y3*;
  y5 on y4*;
  y6 on y5*;
  y7 on y6*;
  y8 on y7*;
  y9 on y8*;
  y10 on y9*;
  y11 on y10*;
  y12 on y11*;
  y13 on y12*;
  y14 on y13*;

  y1-y14*;
  [y1-y14@0];



  savedata: results = data/work/mplus/results.dat;



INPUT READING TERMINATED NORMALLY



MA ;

SUMMARY OF ANALYSIS

Number of groups                                                 1
Number of observations                                       10000

Number of dependent variables                                   13
Number of independent variables                                  1
Number of continuous latent variables                            0

Observed dependent variables

  Continuous
   Y2          Y3          Y4          Y5          Y6          Y7
   Y8          Y9          Y10         Y11         Y12         Y13
   Y14

Observed independent variables
   Y1


Estimator                                                       ML
Information matrix                                        OBSERVED
Maximum number of iterations                                  1000
Convergence criterion                                    0.500D-04
Maximum number of steepest descent iterations                   20
Maximum number of iterations for H1                           2000
Convergence criterion for H1                             0.100D-03

Input data file(s)
   data/work/MA.dat

Input data format  FREE


SUMMARY OF DATA

     Number of missing data patterns             1


COVARIANCE COVERAGE OF DATA

Minimum covariance coverage value   0.100


     PROPORTION OF DATA PRESENT


           Covariance Coverage
              Y2            Y3            Y4            Y5            Y6
              ________      ________      ________      ________      ________
 Y2             1.000
 Y3             1.000         1.000
 Y4             1.000         1.000         1.000
 Y5             1.000         1.000         1.000         1.000
 Y6             1.000         1.000         1.000         1.000         1.000
 Y7             1.000         1.000         1.000         1.000         1.000
 Y8             1.000         1.000         1.000         1.000         1.000
 Y9             1.000         1.000         1.000         1.000         1.000
 Y10            1.000         1.000         1.000         1.000         1.000
 Y11            1.000         1.000         1.000         1.000         1.000
 Y12            1.000         1.000         1.000         1.000         1.000
 Y13            1.000         1.000         1.000         1.000         1.000
 Y14            1.000         1.000         1.000         1.000         1.000
 Y1             1.000         1.000         1.000         1.000         1.000


           Covariance Coverage
              Y7            Y8            Y9            Y10           Y11
              ________      ________      ________      ________      ________
 Y7             1.000
 Y8             1.000         1.000
 Y9             1.000         1.000         1.000
 Y10            1.000         1.000         1.000         1.000
 Y11            1.000         1.000         1.000         1.000         1.000
 Y12            1.000         1.000         1.000         1.000         1.000
 Y13            1.000         1.000         1.000         1.000         1.000
 Y14            1.000         1.000         1.000         1.000         1.000
 Y1             1.000         1.000         1.000         1.000         1.000


           Covariance Coverage
              Y12           Y13           Y14           Y1
              ________      ________      ________      ________
 Y12            1.000
 Y13            1.000         1.000
 Y14            1.000         1.000         1.000
 Y1             1.000         1.000         1.000         1.000



THE MODEL ESTIMATION TERMINATED NORMALLY



MODEL FIT INFORMATION

Number of Free Parameters                       27

Loglikelihood

          H0 Value                     -210130.739
          H1 Value                     -201776.988

Information Criteria

          Akaike (AIC)                  420315.479
          Bayesian (BIC)                420510.158
          Sample-Size Adjusted BIC      420424.356
            (n* = (n + 2) / 24)

Chi-Square Test of Model Fit

          Value                          16707.503
          Degrees of Freedom                    92
          P-Value                           0.0000

RMSEA (Root Mean Square Error Of Approximation)

          Estimate                           0.134
          90 Percent C.I.                    0.133  0.136
          Probability RMSEA <= .05           0.000

CFI/TLI

          CFI                                0.664
          TLI                                0.668

Chi-Square Test of Model Fit for the Baseline Model

          Value                          49534.445
          Degrees of Freedom                    91
          P-Value                           0.0000

SRMR (Standardized Root Mean Square Residual)

          Value                              0.078



MODEL RESULTS

                                                    Two-Tailed
                    Estimate       S.E.  Est./S.E.    P-Value

 Y2       ON
    Y1                 0.473      0.009     53.525      0.000

 Y3       ON
    Y2                 0.467      0.009     53.294      0.000

 Y4       ON
    Y3                 0.476      0.009     54.049      0.000

 Y5       ON
    Y4                 0.460      0.009     51.365      0.000

 Y6       ON
    Y5                 0.478      0.009     53.977      0.000

 Y7       ON
    Y6                 0.480      0.009     54.741      0.000

 Y8       ON
    Y7                 0.475      0.009     53.981      0.000

 Y9       ON
    Y8                 0.471      0.009     54.566      0.000

 Y10      ON
    Y9                 0.464      0.009     52.705      0.000

 Y11      ON
    Y10                0.483      0.009     53.288      0.000

 Y12      ON
    Y11                0.471      0.009     54.181      0.000

 Y13      ON
    Y12                0.470      0.009     54.086      0.000

 Y14      ON
    Y13                0.471      0.009     53.009      0.000

 Means
    Y1                 0.000      0.000    999.000    999.000

 Intercepts
    Y2                 0.000      0.000    999.000    999.000
    Y3                 0.000      0.000    999.000    999.000
    Y4                 0.000      0.000    999.000    999.000
    Y5                 0.000      0.000    999.000    999.000
    Y6                 0.000      0.000    999.000    999.000
    Y7                 0.000      0.000    999.000    999.000
    Y8                 0.000      0.000    999.000    999.000
    Y9                 0.000      0.000    999.000    999.000
    Y10                0.000      0.000    999.000    999.000
    Y11                0.000      0.000    999.000    999.000
    Y12                0.000      0.000    999.000    999.000
    Y13                0.000      0.000    999.000    999.000
    Y14                0.000      0.000    999.000    999.000

 Variances
    Y1                 1.490      0.021     70.717      0.000

 Residual Variances
    Y2                 1.163      0.016     70.711      0.000
    Y3                 1.149      0.016     70.711      0.000
    Y4                 1.143      0.016     70.711      0.000
    Y5                 1.184      0.017     70.711      0.000
    Y6                 1.173      0.017     70.711      0.000
    Y7                 1.164      0.016     70.711      0.000
    Y8                 1.173      0.017     70.711      0.000
    Y9                 1.130      0.016     70.711      0.000
    Y10                1.136      0.016     70.711      0.000
    Y11                1.191      0.017     70.711      0.000
    Y12                1.155      0.016     70.711      0.000
    Y13                1.129      0.016     70.711      0.000
    Y14                1.153      0.016     70.711      0.000


QUALITY OF NUMERICAL RESULTS

     Condition Number for the Information Matrix              0.168E+00
       (ratio of smallest to largest eigenvalue)


RESULTS SAVING INFORMATION

  Order of data

    Parameter estimates
     (saved in order shown in Technical 1 output)
    Standard errors
     (saved in order shown in Technical 1 output)
    Chi-square : Value
    Chi-square : Degrees of Freedom
    Chi-square : P-Value
    CFI
    TLI
    H0 Loglikelihood
    H1 Loglikelihood
    Number of Free Parameters
    Akaike (AIC)
    Bayesian (BIC)
    Sample-Size Adjusted BIC
    RMSEA : Estimate
    RMSEA : Low CI
    RMSEA : High CI
    RMSEA : Probability
    SRMR

  Save file
    data/work/mplus/results.dat

  Save file format           Free


     Beginning Time:  11:58:44
        Ending Time:  11:58:45
       Elapsed Time:  00:00:01



MUTHEN & MUTHEN
3463 Stoner Ave.
Los Angeles, CA  90066

Tel: (310) 391-9971
Fax: (310) 391-8971
Web: www.StatModel.com
Support: Support@StatModel.com

Copyright (c) 1998-2012 Muthen & Muthen
